<?xml version="1.0" encoding="UTF-8"?>
<testsuite xmlns:xsi="http://www.w3.org/2001/XMLSchema-instance" xsi:noNamespaceSchemaLocation="https://maven.apache.org/surefire/maven-surefire-plugin/xsd/surefire-test-report-3.0.xsd" version="3.0" name="com.tawasalna.social.services.CommunityTests" time="1.623" tests="9" errors="0" skipped="0" failures="0">
  <properties>
[...]
</properties>
  <testcase name="testAddCommunity_Success" classname="com.tawasalna.social.services.CommunityTests" time="1.486">
    <system-err><![CDATA[WARNING: A Java agent has been loaded dynamically (C:\Users\asust\.m2\repository\net\bytebuddy\byte-buddy-agent\1.14.12\byte-buddy-agent-1.14.12.jar)
WARNING: If a serviceability tool is in use, please run with -XX:+EnableDynamicAgentLoading to hide this warning
WARNING: If a serviceability tool is not in use, please run with -Djdk.instrument.traceUsage for more information
WARNING: Dynamic loading of agents will be disallowed by default in a future release
]]></system-err>
  </testcase>
  <testcase name="testAddAdminToCommunity_UserNotFound_ErrorResponse" classname="com.tawasalna.social.services.CommunityTests" time="0.024"/>
  <testcase name="testGetAllUsersInCommunity_ValidCommunityId_ReturnUserList" classname="com.tawasalna.social.services.CommunityTests" time="0.007"/>
  <testcase name="testAddAdminToCommunity_Success" classname="com.tawasalna.social.services.CommunityTests" time="0.018"/>
  <testcase name="testAddAdminToCommunity_CommunityNotFound_ErrorResponse" classname="com.tawasalna.social.services.CommunityTests" time="0.004"/>
  <testcase name="testRemoveUserFromCommunity_UserRemovedSuccessfully" classname="com.tawasalna.social.services.CommunityTests" time="0.006"/>
  <testcase name="testGetCommunityById_NonExistingId_ReturnErrorResponse" classname="com.tawasalna.social.services.CommunityTests" time="0.007"/>
  <testcase name="testAddAdminToCommunity_UserAlreadyAdmin_ErrorResponse" classname="com.tawasalna.social.services.CommunityTests" time="0.004"/>
  <testcase name="testGetCommunityById_ExistingId_ReturnCommunity" classname="com.tawasalna.social.services.CommunityTests" time="0.005"/>
</testsuite>