<?xml version="1.0" encoding="UTF-8"?>
<testsuite xmlns:xsi="http://www.w3.org/2001/XMLSchema-instance" xsi:noNamespaceSchemaLocation="https://maven.apache.org/surefire/maven-surefire-plugin/xsd/surefire-test-report-3.0.xsd" version="3.0" name="com.tawasalna.auth.businesslogic.UserManagementServiceTest" time="0.038" tests="10" errors="0" skipped="0" failures="0">
  <properties>
[...]
</properties>
  <testcase name="testGetUserByEmail" classname="com.tawasalna.auth.businesslogic.UserManagementServiceTest" time="0.007"/>
  <testcase name="testGetAllUsers" classname="com.tawasalna.auth.businesslogic.UserManagementServiceTest" time="0.001"/>
  <testcase name="testBanUser" classname="com.tawasalna.auth.businesslogic.UserManagementServiceTest" time="0.004"/>
  <testcase name="testGetPMSAdmins" classname="com.tawasalna.auth.businesslogic.UserManagementServiceTest" time="0.004"/>
  <testcase name="testGetAllAgents" classname="com.tawasalna.auth.businesslogic.UserManagementServiceTest" time="0.002"/>
  <testcase name="testGetProspects" classname="com.tawasalna.auth.businesslogic.UserManagementServiceTest" time="0.002"/>
  <testcase name="testGetBrokers" classname="com.tawasalna.auth.businesslogic.UserManagementServiceTest" time="0.002"/>
  <testcase name="testDisableUser" classname="com.tawasalna.auth.businesslogic.UserManagementServiceTest" time="0.002"/>
  <testcase name="testGetUserById" classname="com.tawasalna.auth.businesslogic.UserManagementServiceTest" time="0.002"/>
  <testcase name="testGetCommunityAdmins" classname="com.tawasalna.auth.businesslogic.UserManagementServiceTest" time="0.002"/>
</testsuite>